app/build/intermediates/manifest_merge_blame_file/debug/manifest-merger-blame-debug-report.txt
1<?xml version="1.0" encoding="utf-8"?>
2<manifest xmlns:android="http://schemas.android.com/apk/res/android"
3    package="com.jojo.homedelivery"
4    android:versionCode="1"
5    android:versionName="1.0" >
6
7    <uses-sdk
8        android:minSdkVersion="26"
8-->src\main\AndroidManifest.xml
9        android:targetSdkVersion="29" />
9-->src\main\AndroidManifest.xml
10
11    <uses-permission android:name="android.permission.INTERNET" />
11-->src\main\AndroidManifest.xml:6:5-67
11-->src\main\AndroidManifest.xml:6:22-64
12    <uses-permission android:name="android.permission.RECEIVE_SMS" />
12-->src\main\AndroidManifest.xml:7:5-70
12-->src\main\AndroidManifest.xml:7:22-67
13    <uses-permission android:name="android.permission.READ_SMS" />
13-->src\main\AndroidManifest.xml:8:5-67
13-->src\main\AndroidManifest.xml:8:22-64
14    <uses-permission android:name="android.permission.SEND_SMS" />
14-->src\main\AndroidManifest.xml:9:5-67
14-->src\main\AndroidManifest.xml:9:22-64
15    <uses-permission android:name="android.permission.ACCESS_NETWORK_STATE" />
15-->src\main\AndroidManifest.xml:10:5-79
15-->src\main\AndroidManifest.xml:10:22-76
16    <uses-permission android:name="android.permission.WRITE_EXTERNAL_STORAGE" />
16-->src\main\AndroidManifest.xml:11:5-81
16-->src\main\AndroidManifest.xml:11:22-78
17    <uses-permission android:name="android.permission.ACCESS_WIFI_STATE" />
17-->src\main\AndroidManifest.xml:12:5-76
17-->src\main\AndroidManifest.xml:12:22-73
18    <uses-permission android:name="android.permission.CHANGE_WIFI_STATE" />
18-->src\main\AndroidManifest.xml:13:5-76
18-->src\main\AndroidManifest.xml:13:22-73
19    <uses-permission android:name="android.permission.ACCESS_FINE_LOCATION" />
19-->src\main\AndroidManifest.xml:14:5-79
19-->src\main\AndroidManifest.xml:14:22-76
20    <uses-permission android:name="android.permission.ACCESS_COARSE_LOCATION" />
20-->src\main\AndroidManifest.xml:15:5-81
20-->src\main\AndroidManifest.xml:15:22-78
21    <uses-permission android:name="android.permission.READ_EXTERNAL_STORAGE" />
21-->[com.paytm:pgplussdk:1.2.3] AndroidManifest.xml:10:5-80
21-->[com.paytm:pgplussdk:1.2.3] AndroidManifest.xml:10:22-77
22    <uses-permission android:name="android.permission.WAKE_LOCK" />
22-->[com.google.android.gms:play-services-measurement:17.4.0] AndroidManifest.xml:25:5-68
22-->[com.google.android.gms:play-services-measurement:17.4.0] AndroidManifest.xml:25:22-65
23    <uses-permission android:name="com.google.android.finsky.permission.BIND_GET_INSTALL_REFERRER_SERVICE" /> <!-- Required by older versions of Google Play services to create IID tokens -->
23-->[com.google.android.gms:play-services-measurement:17.4.0] AndroidManifest.xml:26:5-110
23-->[com.google.android.gms:play-services-measurement:17.4.0] AndroidManifest.xml:26:22-107
24    <uses-permission android:name="com.google.android.c2dm.permission.RECEIVE" />
24-->[com.google.firebase:firebase-iid:20.1.5] AndroidManifest.xml:26:5-82
24-->[com.google.firebase:firebase-iid:20.1.5] AndroidManifest.xml:26:22-79
25
26    <uses-feature
26-->[com.google.android.gms:play-services-maps:17.0.0] AndroidManifest.xml:26:5-28:35
27        android:glEsVersion="0x00020000"
27-->[com.google.android.gms:play-services-maps:17.0.0] AndroidManifest.xml:27:9-41
28        android:required="true" />
28-->[com.google.android.gms:play-services-maps:17.0.0] AndroidManifest.xml:28:9-32
29
30    <application
30-->src\main\AndroidManifest.xml:17:5-55:19
31        android:allowBackup="true"
31-->src\main\AndroidManifest.xml:18:9-35
32        android:appComponentFactory="androidx.core.app.CoreComponentFactory"
32-->[androidx.core:core:1.3.0-alpha02] AndroidManifest.xml:24:18-86
33        android:debuggable="true"
34        android:icon="@drawable/logo"
34-->src\main\AndroidManifest.xml:19:9-38
35        android:label="@string/app_name"
35-->src\main\AndroidManifest.xml:20:9-41
36        android:supportsRtl="true"
36-->src\main\AndroidManifest.xml:21:9-35
37        android:testOnly="true"
38        android:theme="@style/AppTheme"
38-->src\main\AndroidManifest.xml:22:9-40
39        android:usesCleartextTraffic="true" >
39-->src\main\AndroidManifest.xml:23:9-44
40        <activity
40-->src\main\AndroidManifest.xml:24:9-29:20
41            android:name="com.jojo.contact.ContactActivity"
41-->src\main\AndroidManifest.xml:25:13-60
42            android:screenOrientation="portrait"
42-->src\main\AndroidManifest.xml:26:13-49
43            android:theme="@style/AppTheme.NoActionBar"
43-->src\main\AndroidManifest.xml:27:13-56
44            android:windowSoftInputMode="adjustResize" >
44-->src\main\AndroidManifest.xml:28:13-55
45        </activity>
46        <activity
46-->src\main\AndroidManifest.xml:30:9-34:57
47            android:name="com.paytm.pgsdk.PaytmPGActivity"
47-->src\main\AndroidManifest.xml:31:13-59
48            android:configChanges="keyboardHidden|orientation|keyboard"
48-->src\main\AndroidManifest.xml:32:13-72
49            android:screenOrientation="fullSensor"
49-->src\main\AndroidManifest.xml:33:13-51
50            android:theme="@style/AppTheme" />
50-->[com.paytm:pgplussdk:1.2.3] AndroidManifest.xml:16:13-44
51        <activity
51-->src\main\AndroidManifest.xml:35:9-38:20
52            android:name="com.jojo.payments.Checkout"
52-->src\main\AndroidManifest.xml:36:13-54
53            android:theme="@style/AppTheme.NoActionBar" >
53-->src\main\AndroidManifest.xml:37:13-56
54        </activity>
55        <activity
55-->src\main\AndroidManifest.xml:39:9-42:20
56            android:name="com.jojo.homedelivery.ViewProduct"
56-->src\main\AndroidManifest.xml:40:13-40
57            android:theme="@style/AppTheme.NoActionBar" >
57-->src\main\AndroidManifest.xml:41:13-56
58        </activity>
59        <activity
59-->src\main\AndroidManifest.xml:43:9-46:20
60            android:name="com.jojo.homedelivery.MainActivity"
60-->src\main\AndroidManifest.xml:44:13-41
61            android:theme="@style/AppTheme.NoActionBar" >
61-->src\main\AndroidManifest.xml:45:13-56
62        </activity>
63        <activity android:name="com.jojo.homedelivery.SplashActivity" >
63-->src\main\AndroidManifest.xml:47:9-53:20
63-->src\main\AndroidManifest.xml:47:19-49
64            <intent-filter>
64-->src\main\AndroidManifest.xml:48:13-52:29
65                <action android:name="android.intent.action.MAIN" />
65-->src\main\AndroidManifest.xml:49:17-69
65-->src\main\AndroidManifest.xml:49:25-66
66
67                <category android:name="android.intent.category.LAUNCHER" />
67-->src\main\AndroidManifest.xml:51:17-77
67-->src\main\AndroidManifest.xml:51:27-74
68            </intent-filter>
69        </activity>
70        <activity android:name="com.jojo.homedelivery.Authentication" />
70-->src\main\AndroidManifest.xml:54:9-52
70-->src\main\AndroidManifest.xml:54:19-49
71
72        <provider
72-->[com.ibm.watson.developer_cloud:android-sdk:0.5.0] AndroidManifest.xml:12:9-21:20
73            android:name="androidx.core.content.FileProvider"
73-->[com.ibm.watson.developer_cloud:android-sdk:0.5.0] AndroidManifest.xml:13:13-62
74            android:authorities="com.ibm.watson.developer_cloud.android.provider"
74-->[com.ibm.watson.developer_cloud:android-sdk:0.5.0] AndroidManifest.xml:14:13-82
75            android:exported="false"
75-->[com.ibm.watson.developer_cloud:android-sdk:0.5.0] AndroidManifest.xml:15:13-37
76            android:grantUriPermissions="true" >
76-->[com.ibm.watson.developer_cloud:android-sdk:0.5.0] AndroidManifest.xml:16:13-47
77            <meta-data
77-->[com.ibm.watson.developer_cloud:android-sdk:0.5.0] AndroidManifest.xml:17:13-20:25
78                android:name="android.support.FILE_PROVIDER_PATHS"
78-->[com.ibm.watson.developer_cloud:android-sdk:0.5.0] AndroidManifest.xml:18:17-67
79                android:resource="@xml/provider_paths" >
79-->[com.ibm.watson.developer_cloud:android-sdk:0.5.0] AndroidManifest.xml:19:17-55
80            </meta-data>
81        </provider>
82
83        <activity
83-->[com.google.firebase:firebase-auth:19.3.1] AndroidManifest.xml:24:9-31:50
84            android:name="com.google.firebase.auth.internal.FederatedSignInActivity"
84-->[com.google.firebase:firebase-auth:19.3.1] AndroidManifest.xml:25:13-85
85            android:excludeFromRecents="true"
85-->[com.google.firebase:firebase-auth:19.3.1] AndroidManifest.xml:26:13-46
86            android:exported="true"
86-->[com.google.firebase:firebase-auth:19.3.1] AndroidManifest.xml:27:13-36
87            android:launchMode="singleTask"
87-->[com.google.firebase:firebase-auth:19.3.1] AndroidManifest.xml:28:13-44
88            android:permission="com.google.firebase.auth.api.gms.permission.LAUNCH_FEDERATED_SIGN_IN"
88-->[com.google.firebase:firebase-auth:19.3.1] AndroidManifest.xml:29:13-102
89            android:theme="@android:style/Theme.Translucent.NoTitleBar" />
89-->[com.google.firebase:firebase-auth:19.3.1] AndroidManifest.xml:30:13-72
90
91        <service
91-->[com.google.firebase:firebase-auth:19.3.1] AndroidManifest.xml:33:9-39:19
92            android:name="com.google.firebase.components.ComponentDiscoveryService"
92-->[com.google.firebase:firebase-auth:19.3.1] AndroidManifest.xml:34:13-84
93            android:directBootAware="true"
93-->[com.google.firebase:firebase-common:19.3.0] AndroidManifest.xml:34:13-43
94            android:exported="false" >
94-->[com.google.firebase:firebase-auth:19.3.1] AndroidManifest.xml:35:13-37
95            <meta-data
95-->[com.google.firebase:firebase-auth:19.3.1] AndroidManifest.xml:36:13-38:85
96                android:name="com.google.firebase.components:com.google.firebase.auth.FirebaseAuthRegistrar"
96-->[com.google.firebase:firebase-auth:19.3.1] AndroidManifest.xml:37:17-109
97                android:value="com.google.firebase.components.ComponentRegistrar" />
97-->[com.google.firebase:firebase-auth:19.3.1] AndroidManifest.xml:38:17-82
98            <meta-data
98-->[com.google.firebase:firebase-database:19.3.0] AndroidManifest.xml:32:13-34:85
99                android:name="com.google.firebase.components:com.google.firebase.database.DatabaseRegistrar"
99-->[com.google.firebase:firebase-database:19.3.0] AndroidManifest.xml:33:17-109
100                android:value="com.google.firebase.components.ComponentRegistrar" />
100-->[com.google.firebase:firebase-database:19.3.0] AndroidManifest.xml:34:17-82
101            <meta-data
101-->[com.google.firebase:firebase-storage:19.1.1] AndroidManifest.xml:33:13-35:85
102                android:name="com.google.firebase.components:com.google.firebase.storage.StorageRegistrar"
102-->[com.google.firebase:firebase-storage:19.1.1] AndroidManifest.xml:34:17-107
103                android:value="com.google.firebase.components.ComponentRegistrar" />
103-->[com.google.firebase:firebase-storage:19.1.1] AndroidManifest.xml:35:17-82
104            <meta-data
104-->[com.google.android.gms:play-services-measurement-api:17.4.0] AndroidManifest.xml:30:13-32:85
105                android:name="com.google.firebase.components:com.google.firebase.analytics.connector.internal.AnalyticsConnectorRegistrar"
105-->[com.google.android.gms:play-services-measurement-api:17.4.0] AndroidManifest.xml:31:17-139
106                android:value="com.google.firebase.components.ComponentRegistrar" />
106-->[com.google.android.gms:play-services-measurement-api:17.4.0] AndroidManifest.xml:32:17-82
107            <meta-data
107-->[com.google.firebase:firebase-iid:20.1.5] AndroidManifest.xml:32:13-34:85
108                android:name="com.google.firebase.components:com.google.firebase.iid.Registrar"
108-->[com.google.firebase:firebase-iid:20.1.5] AndroidManifest.xml:33:17-96
109                android:value="com.google.firebase.components.ComponentRegistrar" />
109-->[com.google.firebase:firebase-iid:20.1.5] AndroidManifest.xml:34:17-82
110            <meta-data
110-->[com.google.firebase:firebase-installations:16.2.1] AndroidManifest.xml:17:13-19:85
111                android:name="com.google.firebase.components:com.google.firebase.installations.FirebaseInstallationsRegistrar"
111-->[com.google.firebase:firebase-installations:16.2.1] AndroidManifest.xml:18:17-127
112                android:value="com.google.firebase.components.ComponentRegistrar" />
112-->[com.google.firebase:firebase-installations:16.2.1] AndroidManifest.xml:19:17-82
113        </service>
114        <service
114-->[com.paytm:pgplussdk:1.2.3] AndroidManifest.xml:18:9-20:40
115            android:name="com.paytm.pgsdk.IntentServicePostNotification"
115-->[com.paytm:pgplussdk:1.2.3] AndroidManifest.xml:19:13-73
116            android:exported="false" />
116-->[com.paytm:pgplussdk:1.2.3] AndroidManifest.xml:20:13-37
117        <service
117-->[com.paytm:pgplussdk:1.2.3] AndroidManifest.xml:21:9-23:40
118            android:name="com.paytm.pgsdk.IntentServicePreNotification"
118-->[com.paytm:pgplussdk:1.2.3] AndroidManifest.xml:22:13-72
119            android:exported="false" />
119-->[com.paytm:pgplussdk:1.2.3] AndroidManifest.xml:23:13-37
120        <service
120-->[com.paytm:pgplussdk:1.2.3] AndroidManifest.xml:24:9-27:39
121            android:name="com.paytm.pgsdk.easypay.utils.EasypayLoaderService"
121-->[com.paytm:pgplussdk:1.2.3] AndroidManifest.xml:25:13-78
122            android:enabled="true"
122-->[com.paytm:pgplussdk:1.2.3] AndroidManifest.xml:26:13-35
123            android:exported="true" />
123-->[com.paytm:pgplussdk:1.2.3] AndroidManifest.xml:27:13-36
124        <service
124-->[com.paytm:pgplussdk:1.2.3] AndroidManifest.xml:28:9-31:39
125            android:name="com.paytm.pgsdk.easypay.utils.AnalyticsService"
125-->[com.paytm:pgplussdk:1.2.3] AndroidManifest.xml:29:13-74
126            android:enabled="true"
126-->[com.paytm:pgplussdk:1.2.3] AndroidManifest.xml:30:13-35
127            android:exported="true" />
127-->[com.paytm:pgplussdk:1.2.3] AndroidManifest.xml:31:13-36
128
129        <provider
129-->[com.squareup.picasso:picasso:2.71828] AndroidManifest.xml:8:9-11:40
130            android:name="com.squareup.picasso.PicassoProvider"
130-->[com.squareup.picasso:picasso:2.71828] AndroidManifest.xml:9:13-64
131            android:authorities="com.jojo.homedelivery.com.squareup.picasso"
131-->[com.squareup.picasso:picasso:2.71828] AndroidManifest.xml:10:13-72
132            android:exported="false" />
132-->[com.squareup.picasso:picasso:2.71828] AndroidManifest.xml:11:13-37
133
134        <receiver
134-->[com.google.android.gms:play-services-measurement:17.4.0] AndroidManifest.xml:29:9-33:20
135            android:name="com.google.android.gms.measurement.AppMeasurementReceiver"
135-->[com.google.android.gms:play-services-measurement:17.4.0] AndroidManifest.xml:30:13-85
136            android:enabled="true"
136-->[com.google.android.gms:play-services-measurement:17.4.0] AndroidManifest.xml:31:13-35
137            android:exported="false" >
137-->[com.google.android.gms:play-services-measurement:17.4.0] AndroidManifest.xml:32:13-37
138        </receiver>
139
140        <service
140-->[com.google.android.gms:play-services-measurement:17.4.0] AndroidManifest.xml:35:9-38:40
141            android:name="com.google.android.gms.measurement.AppMeasurementService"
141-->[com.google.android.gms:play-services-measurement:17.4.0] AndroidManifest.xml:36:13-84
142            android:enabled="true"
142-->[com.google.android.gms:play-services-measurement:17.4.0] AndroidManifest.xml:37:13-35
143            android:exported="false" />
143-->[com.google.android.gms:play-services-measurement:17.4.0] AndroidManifest.xml:38:13-37
144        <service
144-->[com.google.android.gms:play-services-measurement:17.4.0] AndroidManifest.xml:39:9-43:72
145            android:name="com.google.android.gms.measurement.AppMeasurementJobService"
145-->[com.google.android.gms:play-services-measurement:17.4.0] AndroidManifest.xml:40:13-87
146            android:enabled="true"
146-->[com.google.android.gms:play-services-measurement:17.4.0] AndroidManifest.xml:41:13-35
147            android:exported="false"
147-->[com.google.android.gms:play-services-measurement:17.4.0] AndroidManifest.xml:42:13-37
148            android:permission="android.permission.BIND_JOB_SERVICE" />
148-->[com.google.android.gms:play-services-measurement:17.4.0] AndroidManifest.xml:43:13-69
149
150        <receiver
150-->[com.google.firebase:firebase-iid:20.1.5] AndroidManifest.xml:37:9-44:20
151            android:name="com.google.firebase.iid.FirebaseInstanceIdReceiver"
151-->[com.google.firebase:firebase-iid:20.1.5] AndroidManifest.xml:38:13-78
152            android:exported="true"
152-->[com.google.firebase:firebase-iid:20.1.5] AndroidManifest.xml:39:13-36
153            android:permission="com.google.android.c2dm.permission.SEND" >
153-->[com.google.firebase:firebase-iid:20.1.5] AndroidManifest.xml:40:13-73
154            <intent-filter>
154-->[com.google.firebase:firebase-iid:20.1.5] AndroidManifest.xml:41:13-43:29
155                <action android:name="com.google.android.c2dm.intent.RECEIVE" />
155-->[com.google.firebase:firebase-iid:20.1.5] AndroidManifest.xml:42:17-81
155-->[com.google.firebase:firebase-iid:20.1.5] AndroidManifest.xml:42:25-78
156            </intent-filter>
157        </receiver>
158
159        <provider
159-->[com.google.firebase:firebase-common:19.3.0] AndroidManifest.xml:26:9-30:39
160            android:name="com.google.firebase.provider.FirebaseInitProvider"
160-->[com.google.firebase:firebase-common:19.3.0] AndroidManifest.xml:27:13-77
161            android:authorities="com.jojo.homedelivery.firebaseinitprovider"
161-->[com.google.firebase:firebase-common:19.3.0] AndroidManifest.xml:28:13-72
162            android:exported="false"
162-->[com.google.firebase:firebase-common:19.3.0] AndroidManifest.xml:29:13-37
163            android:initOrder="100" />
163-->[com.google.firebase:firebase-common:19.3.0] AndroidManifest.xml:30:13-36
164        <provider
164-->[androidx.lifecycle:lifecycle-process:2.2.0] AndroidManifest.xml:25:9-29:43
165            android:name="androidx.lifecycle.ProcessLifecycleOwnerInitializer"
165-->[androidx.lifecycle:lifecycle-process:2.2.0] AndroidManifest.xml:26:13-79
166            android:authorities="com.jojo.homedelivery.lifecycle-process"
166-->[androidx.lifecycle:lifecycle-process:2.2.0] AndroidManifest.xml:27:13-69
167            android:exported="false"
167-->[androidx.lifecycle:lifecycle-process:2.2.0] AndroidManifest.xml:28:13-37
168            android:multiprocess="true" /> <!-- Needs to be explicitly declared on P+ -->
168-->[androidx.lifecycle:lifecycle-process:2.2.0] AndroidManifest.xml:29:13-40
169        <uses-library
169-->[com.google.android.gms:play-services-maps:17.0.0] AndroidManifest.xml:33:9-35:40
170            android:name="org.apache.http.legacy"
170-->[com.google.android.gms:play-services-maps:17.0.0] AndroidManifest.xml:34:13-50
171            android:required="false" />
171-->[com.google.android.gms:play-services-maps:17.0.0] AndroidManifest.xml:35:13-37
172
173        <activity
173-->[com.google.android.gms:play-services-base:17.1.0] AndroidManifest.xml:23:9-26:75
174            android:name="com.google.android.gms.common.api.GoogleApiActivity"
174-->[com.google.android.gms:play-services-base:17.1.0] AndroidManifest.xml:24:13-79
175            android:exported="false"
175-->[com.google.android.gms:play-services-base:17.1.0] AndroidManifest.xml:25:13-37
176            android:theme="@android:style/Theme.Translucent.NoTitleBar" />
176-->[com.google.android.gms:play-services-base:17.1.0] AndroidManifest.xml:26:13-72
177
178        <meta-data
178-->[com.google.android.gms:play-services-basement:17.0.0] AndroidManifest.xml:23:9-25:69
179            android:name="com.google.android.gms.version"
179-->[com.google.android.gms:play-services-basement:17.0.0] AndroidManifest.xml:24:13-58
180            android:value="@integer/google_play_services_version" />
180-->[com.google.android.gms:play-services-basement:17.0.0] AndroidManifest.xml:25:13-66
181    </application>
182
183</manifest>